Determining if the pthread_create exist failed with the following output:
Change Dir: /home/ad/Desktop/code/cpp/gtest-1.7.0/build/CMakeFiles/CMakeTmp

Run Build Command:/usr/bin/make "cmTryCompileExec1629017224/fast"
/usr/bin/make -f CMakeFiles/cmTryCompileExec1629017224.dir/build.make CMakeFiles/cmTryCompileExec1629017224.dir/build
make[1]: Entering directory `/home/ad/Desktop/code/cpp/gtest-1.7.0/build/CMakeFiles/CMakeTmp'
/usr/bin/cmake -E cmake_progress_report /home/ad/Desktop/code/cpp/gtest-1.7.0/build/CMakeFiles/CMakeTmp/CMakeFiles 1
Building C object CMakeFiles/cmTryCompileExec1629017224.dir/CheckSymbolExists.c.o
/usr/bin/gcc    -o CMakeFiles/cmTryCompileExec1629017224.dir/CheckSymbolExists.c.o   -c /home/ad/Desktop/code/cpp/gtest-1.7.0/build/CMakeFiles/CMakeTmp/CheckSymbolExists.c
Linking C executable cmTryCompileExec1629017224
/usr/bin/cmake -E cmake_link_script CMakeFiles/cmTryCompileExec1629017224.dir/link.txt --verbose=1
/usr/bin/gcc         CMakeFiles/cmTryCompileExec1629017224.dir/CheckSymbolExists.c.o  -o cmTryCompileExec1629017224 -rdynamic 
CMakeFiles/cmTryCompileExec1629017224.dir/CheckSymbolExists.c.o: In function `main':
CheckSymbolExists.c:(.text+0x16): undefined reference to `pthread_create'
collect2: error: ld returned 1 exit status
make[1]: *** [cmTryCompileExec1629017224] Error 1
make[1]: Leaving directory `/home/ad/Desktop/code/cpp/gtest-1.7.0/build/CMakeFiles/CMakeTmp'
make: *** [cmTryCompileExec1629017224/fast] Error 2

File /home/ad/Desktop/code/cpp/gtest-1.7.0/build/CMakeFiles/CMakeTmp/CheckSymbolExists.c:
/* */
#include <pthread.h>

int main(int argc, char** argv)
{
  (void)argv;
#ifndef pthread_create
  return ((int*)(&pthread_create))[argc];
#else
  (void)argc;
  return 0;
#endif
}

Determining if the function pthread_create exists in the pthreads failed with the following output:
Change Dir: /home/ad/Desktop/code/cpp/gtest-1.7.0/build/CMakeFiles/CMakeTmp

Run Build Command:/usr/bin/make "cmTryCompileExec378427909/fast"
/usr/bin/make -f CMakeFiles/cmTryCompileExec378427909.dir/build.make CMakeFiles/cmTryCompileExec378427909.dir/build
make[1]: Entering directory `/home/ad/Desktop/code/cpp/gtest-1.7.0/build/CMakeFiles/CMakeTmp'
/usr/bin/cmake -E cmake_progress_report /home/ad/Desktop/code/cpp/gtest-1.7.0/build/CMakeFiles/CMakeTmp/CMakeFiles 1
Building C object CMakeFiles/cmTryCompileExec378427909.dir/CheckFunctionExists.c.o
/usr/bin/gcc   -DCHECK_FUNCTION_EXISTS=pthread_create   -o CMakeFiles/cmTryCompileExec378427909.dir/CheckFunctionExists.c.o   -c /usr/share/cmake-2.8/Modules/CheckFunctionExists.c
Linking C executable cmTryCompileExec378427909
/usr/bin/cmake -E cmake_link_script CMakeFiles/cmTryCompileExec378427909.dir/link.txt --verbose=1
/usr/bin/gcc     -DCHECK_FUNCTION_EXISTS=pthread_create    CMakeFiles/cmTryCompileExec378427909.dir/CheckFunctionExists.c.o  -o cmTryCompileExec378427909 -rdynamic -lpthreads 
/usr/bin/ld: cannot find -lpthreads
collect2: error: ld returned 1 exit status
make[1]: *** [cmTryCompileExec378427909] Error 1
make[1]: Leaving directory `/home/ad/Desktop/code/cpp/gtest-1.7.0/build/CMakeFiles/CMakeTmp'
make: *** [cmTryCompileExec378427909/fast] Error 2


